This is pdfTeX, Version 3.1415926-2.5-1.40.14 (TeX Live 2013/Debian) (format=pdflatex 2015.11.22)  25 MAY 2018 02:04
entering extended mode
 restricted \write18 enabled.
 file:line:error style messages enabled.
 %&-line parsing enabled.
**informe.tex
(./informe.tex
LaTeX2e <2011/06/27>
Babel <3.9h> and hyphenation patterns for 78 languages loaded.
(/usr/share/texlive/texmf-dist/tex/latex/base/article.cls
Document Class: article 2007/10/19 v1.4h Standard LaTeX document class
(/usr/share/texlive/texmf-dist/tex/latex/base/size10.clo
File: size10.clo 2007/10/19 v1.4h Standard LaTeX file (size option)
)
\c@part=\count79
\c@section=\count80
\c@subsection=\count81
\c@subsubsection=\count82
\c@paragraph=\count83
\c@subparagraph=\count84
\c@figure=\count85
\c@table=\count86
\abovecaptionskip=\skip41
\belowcaptionskip=\skip42
\bibindent=\dimen102
)
(/usr/share/texlive/texmf-dist/tex/generic/babel/babel.sty
Package: babel 2013/12/03 3.9h The Babel package

(/usr/share/texlive/texmf-dist/tex/generic/babel-spanish/spanish.ldf
Language: spanish.ldf 2014/01/29 v5.0m Spanish support from the babel system

(/usr/share/texlive/texmf-dist/tex/generic/babel/babel.def
File: babel.def 2013/12/03 3.9h Babel common definitions
\babel@savecnt=\count87
\U@D=\dimen103
)
\es@datefmt=\count88
\es@quottoks=\toks14
\es@quotdepth=\count89
Package babel Info: Making " an active character on input line 496.
Package babel Info: Making . an active character on input line 599.
Package babel Info: Making < an active character on input line 644.
Package babel Info: Making > an active character on input line 644.
))
(/usr/share/texlive/texmf-dist/tex/latex/base/inputenc.sty
Package: inputenc 2008/03/30 v1.1d Input encoding file
\inpenc@prehook=\toks15
\inpenc@posthook=\toks16

(/usr/share/texlive/texmf-dist/tex/latex/base/utf8.def
File: utf8.def 2008/04/05 v1.1m UTF-8 support for inputenc
Now handling font encoding OML ...
... no UTF-8 mapping file for font encoding OML
Now handling font encoding T1 ...
... processing UTF-8 mapping file for font encoding T1

(/usr/share/texlive/texmf-dist/tex/latex/base/t1enc.dfu
File: t1enc.dfu 2008/04/05 v1.1m UTF-8 support for inputenc
   defining Unicode char U+00A1 (decimal 161)
   defining Unicode char U+00A3 (decimal 163)
   defining Unicode char U+00AB (decimal 171)
   defining Unicode char U+00BB (decimal 187)
   defining Unicode char U+00BF (decimal 191)
   defining Unicode char U+00C0 (decimal 192)
   defining Unicode char U+00C1 (decimal 193)
   defining Unicode char U+00C2 (decimal 194)
   defining Unicode char U+00C3 (decimal 195)
   defining Unicode char U+00C4 (decimal 196)
   defining Unicode char U+00C5 (decimal 197)
   defining Unicode char U+00C6 (decimal 198)
   defining Unicode char U+00C7 (decimal 199)
   defining Unicode char U+00C8 (decimal 200)
   defining Unicode char U+00C9 (decimal 201)
   defining Unicode char U+00CA (decimal 202)
   defining Unicode char U+00CB (decimal 203)
   defining Unicode char U+00CC (decimal 204)
   defining Unicode char U+00CD (decimal 205)
   defining Unicode char U+00CE (decimal 206)
   defining Unicode char U+00CF (decimal 207)
   defining Unicode char U+00D0 (decimal 208)
   defining Unicode char U+00D1 (decimal 209)
   defining Unicode char U+00D2 (decimal 210)
   defining Unicode char U+00D3 (decimal 211)
   defining Unicode char U+00D4 (decimal 212)
   defining Unicode char U+00D5 (decimal 213)
   defining Unicode char U+00D6 (decimal 214)
   defining Unicode char U+00D8 (decimal 216)
   defining Unicode char U+00D9 (decimal 217)
   defining Unicode char U+00DA (decimal 218)
   defining Unicode char U+00DB (decimal 219)
   defining Unicode char U+00DC (decimal 220)
   defining Unicode char U+00DD (decimal 221)
   defining Unicode char U+00DE (decimal 222)
   defining Unicode char U+00DF (decimal 223)
   defining Unicode char U+00E0 (decimal 224)
   defining Unicode char U+00E1 (decimal 225)
   defining Unicode char U+00E2 (decimal 226)
   defining Unicode char U+00E3 (decimal 227)
   defining Unicode char U+00E4 (decimal 228)
   defining Unicode char U+00E5 (decimal 229)
   defining Unicode char U+00E6 (decimal 230)
   defining Unicode char U+00E7 (decimal 231)
   defining Unicode char U+00E8 (decimal 232)
   defining Unicode char U+00E9 (decimal 233)
   defining Unicode char U+00EA (decimal 234)
   defining Unicode char U+00EB (decimal 235)
   defining Unicode char U+00EC (decimal 236)
   defining Unicode char U+00ED (decimal 237)
   defining Unicode char U+00EE (decimal 238)
   defining Unicode char U+00EF (decimal 239)
   defining Unicode char U+00F0 (decimal 240)
   defining Unicode char U+00F1 (decimal 241)
   defining Unicode char U+00F2 (decimal 242)
   defining Unicode char U+00F3 (decimal 243)
   defining Unicode char U+00F4 (decimal 244)
   defining Unicode char U+00F5 (decimal 245)
   defining Unicode char U+00F6 (decimal 246)
   defining Unicode char U+00F8 (decimal 248)
   defining Unicode char U+00F9 (decimal 249)
   defining Unicode char U+00FA (decimal 250)
   defining Unicode char U+00FB (decimal 251)
   defining Unicode char U+00FC (decimal 252)
   defining Unicode char U+00FD (decimal 253)
   defining Unicode char U+00FE (decimal 254)
   defining Unicode char U+00FF (decimal 255)
   defining Unicode char U+0102 (decimal 258)
   defining Unicode char U+0103 (decimal 259)
   defining Unicode char U+0104 (decimal 260)
   defining Unicode char U+0105 (decimal 261)
   defining Unicode char U+0106 (decimal 262)
   defining Unicode char U+0107 (decimal 263)
   defining Unicode char U+010C (decimal 268)
   defining Unicode char U+010D (decimal 269)
   defining Unicode char U+010E (decimal 270)
   defining Unicode char U+010F (decimal 271)
   defining Unicode char U+0110 (decimal 272)
   defining Unicode char U+0111 (decimal 273)
   defining Unicode char U+0118 (decimal 280)
   defining Unicode char U+0119 (decimal 281)
   defining Unicode char U+011A (decimal 282)
   defining Unicode char U+011B (decimal 283)
   defining Unicode char U+011E (decimal 286)
   defining Unicode char U+011F (decimal 287)
   defining Unicode char U+0130 (decimal 304)
   defining Unicode char U+0131 (decimal 305)
   defining Unicode char U+0132 (decimal 306)
   defining Unicode char U+0133 (decimal 307)
   defining Unicode char U+0139 (decimal 313)
   defining Unicode char U+013A (decimal 314)
   defining Unicode char U+013D (decimal 317)
   defining Unicode char U+013E (decimal 318)
   defining Unicode char U+0141 (decimal 321)
   defining Unicode char U+0142 (decimal 322)
   defining Unicode char U+0143 (decimal 323)
   defining Unicode char U+0144 (decimal 324)
   defining Unicode char U+0147 (decimal 327)
   defining Unicode char U+0148 (decimal 328)
   defining Unicode char U+014A (decimal 330)
   defining Unicode char U+014B (decimal 331)
   defining Unicode char U+0150 (decimal 336)
   defining Unicode char U+0151 (decimal 337)
   defining Unicode char U+0152 (decimal 338)
   defining Unicode char U+0153 (decimal 339)
   defining Unicode char U+0154 (decimal 340)
   defining Unicode char U+0155 (decimal 341)
   defining Unicode char U+0158 (decimal 344)
   defining Unicode char U+0159 (decimal 345)
   defining Unicode char U+015A (decimal 346)
   defining Unicode char U+015B (decimal 347)
   defining Unicode char U+015E (decimal 350)
   defining Unicode char U+015F (decimal 351)
   defining Unicode char U+0160 (decimal 352)
   defining Unicode char U+0161 (decimal 353)
   defining Unicode char U+0162 (decimal 354)
   defining Unicode char U+0163 (decimal 355)
   defining Unicode char U+0164 (decimal 356)
   defining Unicode char U+0165 (decimal 357)
   defining Unicode char U+016E (decimal 366)
   defining Unicode char U+016F (decimal 367)
   defining Unicode char U+0170 (decimal 368)
   defining Unicode char U+0171 (decimal 369)
   defining Unicode char U+0178 (decimal 376)
   defining Unicode char U+0179 (decimal 377)
   defining Unicode char U+017A (decimal 378)
   defining Unicode char U+017B (decimal 379)
   defining Unicode char U+017C (decimal 380)
   defining Unicode char U+017D (decimal 381)
   defining Unicode char U+017E (decimal 382)
   defining Unicode char U+200C (decimal 8204)
   defining Unicode char U+2013 (decimal 8211)
   defining Unicode char U+2014 (decimal 8212)
   defining Unicode char U+2018 (decimal 8216)
   defining Unicode char U+2019 (decimal 8217)
   defining Unicode char U+201A (decimal 8218)
   defining Unicode char U+201C (decimal 8220)
   defining Unicode char U+201D (decimal 8221)
   defining Unicode char U+201E (decimal 8222)
   defining Unicode char U+2030 (decimal 8240)
   defining Unicode char U+2031 (decimal 8241)
   defining Unicode char U+2039 (decimal 8249)
   defining Unicode char U+203A (decimal 8250)
   defining Unicode char U+2423 (decimal 9251)
)
Now handling font encoding OT1 ...
... processing UTF-8 mapping file for font encoding OT1

(/usr/share/texlive/texmf-dist/tex/latex/base/ot1enc.dfu
File: ot1enc.dfu 2008/04/05 v1.1m UTF-8 support for inputenc
   defining Unicode char U+00A1 (decimal 161)
   defining Unicode char U+00A3 (decimal 163)
   defining Unicode char U+00B8 (decimal 184)
   defining Unicode char U+00BF (decimal 191)
   defining Unicode char U+00C5 (decimal 197)
   defining Unicode char U+00C6 (decimal 198)
   defining Unicode char U+00D8 (decimal 216)
   defining Unicode char U+00DF (decimal 223)
   defining Unicode char U+00E6 (decimal 230)
   defining Unicode char U+00EC (decimal 236)
   defining Unicode char U+00ED (decimal 237)
   defining Unicode char U+00EE (decimal 238)
   defining Unicode char U+00EF (decimal 239)
   defining Unicode char U+00F8 (decimal 248)
   defining Unicode char U+0131 (decimal 305)
   defining Unicode char U+0141 (decimal 321)
   defining Unicode char U+0142 (decimal 322)
   defining Unicode char U+0152 (decimal 338)
   defining Unicode char U+0153 (decimal 339)
   defining Unicode char U+2013 (decimal 8211)
   defining Unicode char U+2014 (decimal 8212)
   defining Unicode char U+2018 (decimal 8216)
   defining Unicode char U+2019 (decimal 8217)
   defining Unicode char U+201C (decimal 8220)
   defining Unicode char U+201D (decimal 8221)
)
Now handling font encoding OMS ...
... processing UTF-8 mapping file for font encoding OMS

(/usr/share/texlive/texmf-dist/tex/latex/base/omsenc.dfu
File: omsenc.dfu 2008/04/05 v1.1m UTF-8 support for inputenc
   defining Unicode char U+00A7 (decimal 167)
   defining Unicode char U+00B6 (decimal 182)
   defining Unicode char U+00B7 (decimal 183)
   defining Unicode char U+2020 (decimal 8224)
   defining Unicode char U+2021 (decimal 8225)
   defining Unicode char U+2022 (decimal 8226)
)
Now handling font encoding OMX ...
... no UTF-8 mapping file for font encoding OMX
Now handling font encoding U ...
... no UTF-8 mapping file for font encoding U
   defining Unicode char U+00A9 (decimal 169)
   defining Unicode char U+00AA (decimal 170)
   defining Unicode char U+00AE (decimal 174)
   defining Unicode char U+00BA (decimal 186)
   defining Unicode char U+02C6 (decimal 710)
   defining Unicode char U+02DC (decimal 732)
   defining Unicode char U+200C (decimal 8204)
   defining Unicode char U+2026 (decimal 8230)
   defining Unicode char U+2122 (decimal 8482)
   defining Unicode char U+2423 (decimal 9251)
))
(/usr/share/texlive/texmf-dist/tex/latex/psnfss/charter.sty
Package: charter 2005/04/12 PSNFSS-v9.2a (P.Dyballa) 
)
(/usr/share/texlive/texmf-dist/tex/latex/graphics/graphicx.sty
Package: graphicx 1999/02/16 v1.0f Enhanced LaTeX Graphics (DPC,SPQR)

(/usr/share/texlive/texmf-dist/tex/latex/graphics/keyval.sty
Package: keyval 1999/03/16 v1.13 key=value parser (DPC)
\KV@toks@=\toks17
)
(/usr/share/texlive/texmf-dist/tex/latex/graphics/graphics.sty
Package: graphics 2009/02/05 v1.0o Standard LaTeX Graphics (DPC,SPQR)

(/usr/share/texlive/texmf-dist/tex/latex/graphics/trig.sty
Package: trig 1999/03/16 v1.09 sin cos tan (DPC)
)
(/usr/share/texlive/texmf-dist/tex/latex/latexconfig/graphics.cfg
File: graphics.cfg 2010/04/23 v1.9 graphics configuration of TeX Live
)
Package graphics Info: Driver file: pdftex.def on input line 91.

(/usr/share/texlive/texmf-dist/tex/latex/pdftex-def/pdftex.def
File: pdftex.def 2011/05/27 v0.06d Graphics/color for pdfTeX

(/usr/share/texlive/texmf-dist/tex/generic/oberdiek/infwarerr.sty
Package: infwarerr 2010/04/08 v1.3 Providing info/warning/error messages (HO)
)
(/usr/share/texlive/texmf-dist/tex/generic/oberdiek/ltxcmds.sty
Package: ltxcmds 2011/11/09 v1.22 LaTeX kernel commands for general use (HO)
)
\Gread@gobject=\count90
))
\Gin@req@height=\dimen104
\Gin@req@width=\dimen105
)
(/usr/share/texlive/texmf-dist/tex/latex/paralist/paralist.sty
Package: paralist 2013/06/09 v2.4 Extended list environments
\pltopsep=\skip43
\plpartopsep=\skip44
\plitemsep=\skip45
\plparsep=\skip46
\pl@lab=\toks18
)
(/usr/share/texlive/texmf-dist/tex/latex/algorithms/algorithm.sty
Package: algorithm 2009/08/24 v0.1 Document Style `algorithm' - floating enviro
nment

(/usr/share/texlive/texmf-dist/tex/latex/float/float.sty
Package: float 2001/11/08 v1.3d Float enhancements (AL)
\c@float@type=\count91
\float@exts=\toks19
\float@box=\box26
\@float@everytoks=\toks20
\@floatcapt=\box27
)
(/usr/share/texlive/texmf-dist/tex/latex/base/ifthen.sty
Package: ifthen 2001/05/26 v1.1c Standard LaTeX ifthen package (DPC)
)
\@float@every@algorithm=\toks21
\c@algorithm=\count92
)
(/usr/share/texlive/texmf-dist/tex/latex/algorithms/algorithmic.sty
Package: algorithmic 2009/08/24 v0.1 Document Style `algorithmic'
\c@ALC@unique=\count93
\c@ALC@line=\count94
\c@ALC@rem=\count95
\c@ALC@depth=\count96
\ALC@tlm=\skip47
\algorithmicindent=\skip48
)
(/usr/share/texlive/texmf-dist/tex/latex/amsmath/amsmath.sty
Package: amsmath 2013/01/14 v2.14 AMS math features
\@mathmargin=\skip49

For additional information on amsmath, use the `?' option.
(/usr/share/texlive/texmf-dist/tex/latex/amsmath/amstext.sty
Package: amstext 2000/06/29 v2.01

(/usr/share/texlive/texmf-dist/tex/latex/amsmath/amsgen.sty
File: amsgen.sty 1999/11/30 v2.0
\@emptytoks=\toks22
\ex@=\dimen106
))
(/usr/share/texlive/texmf-dist/tex/latex/amsmath/amsbsy.sty
Package: amsbsy 1999/11/29 v1.2d
\pmbraise@=\dimen107
)
(/usr/share/texlive/texmf-dist/tex/latex/amsmath/amsopn.sty
Package: amsopn 1999/12/14 v2.01 operator names
)
\inf@bad=\count97
LaTeX Info: Redefining \frac on input line 210.
\uproot@=\count98
\leftroot@=\count99
LaTeX Info: Redefining \overline on input line 306.
\classnum@=\count100
\DOTSCASE@=\count101
LaTeX Info: Redefining \ldots on input line 378.
LaTeX Info: Redefining \dots on input line 381.
LaTeX Info: Redefining \cdots on input line 466.
\Mathstrutbox@=\box28
\strutbox@=\box29
\big@size=\dimen108
LaTeX Font Info:    Redeclaring font encoding OML on input line 566.
LaTeX Font Info:    Redeclaring font encoding OMS on input line 567.
\macc@depth=\count102
\c@MaxMatrixCols=\count103
\dotsspace@=\muskip10
\c@parentequation=\count104
\dspbrk@lvl=\count105
\tag@help=\toks23
\row@=\count106
\column@=\count107
\maxfields@=\count108
\andhelp@=\toks24
\eqnshift@=\dimen109
\alignsep@=\dimen110
\tagshift@=\dimen111
\tagwidth@=\dimen112
\totwidth@=\dimen113
\lineht@=\dimen114
\@envbody=\toks25
\multlinegap=\skip50
\multlinetaggap=\skip51
\mathdisplay@stack=\toks26
LaTeX Info: Redefining \[ on input line 2665.
LaTeX Info: Redefining \] on input line 2666.
)
(/usr/share/texlive/texmf-dist/tex/latex/amscls/amsthm.sty
Package: amsthm 2004/08/06 v2.20
\thm@style=\toks27
\thm@bodyfont=\toks28
\thm@headfont=\toks29
\thm@notefont=\toks30
\thm@headpunct=\toks31
\thm@preskip=\skip52
\thm@postskip=\skip53
\thm@headsep=\skip54
\dth@everypar=\toks32
)
(/usr/share/texlive/texmf-dist/tex/latex/amsfonts/amssymb.sty
Package: amssymb 2013/01/14 v3.01 AMS font symbols

(/usr/share/texlive/texmf-dist/tex/latex/amsfonts/amsfonts.sty
Package: amsfonts 2013/01/14 v3.01 Basic AMSFonts support
\symAMSa=\mathgroup4
\symAMSb=\mathgroup5
LaTeX Font Info:    Overwriting math alphabet `\mathfrak' in version `bold'
(Font)                  U/euf/m/n --> U/euf/b/n on input line 106.
))
(/usr/share/texlive/texmf-dist/tex/latex/wrapfig/wrapfig.sty
\wrapoverhang=\dimen115
\WF@size=\dimen116
\c@WF@wrappedlines=\count109
\WF@box=\box30
\WF@everypar=\toks33
Package: wrapfig 2003/01/31  v 3.6
)
(/usr/share/texlive/texmf-dist/tex/latex/underscore/underscore.sty
Package: underscore 2006/09/13
LaTeX Info: Redefining \_ on input line 42.
)
(./caratula.sty
Package: caratula 2005/08/09 v0.3 Para componer caratulas de TPs del DC

Cargando package 'caratula' v0.3 (2005/08/09)
\intlist=\toks34
) (/usr/share/texlive/texmf-dist/tex/latex/url/url.sty
\Urlmuskip=\muskip11
Package: url 2013/09/16  ver 3.4  Verb mode for urls, etc.
)
(/usr/share/texlive/texmf-dist/tex/latex/tools/multicol.sty
Package: multicol 2011/06/27 v1.7a multicolumn formatting (FMi)
\c@tracingmulticols=\count110
\mult@box=\box31
\multicol@leftmargin=\dimen117
\c@unbalance=\count111
\c@collectmore=\count112
\doublecol@number=\count113
\multicoltolerance=\count114
\multicolpretolerance=\count115
\full@width=\dimen118
\page@free=\dimen119
\premulticols=\dimen120
\postmulticols=\dimen121
\multicolsep=\skip55
\multicolbaselineskip=\skip56
\partial@page=\box32
\last@line=\box33
\mult@rightbox=\box34
\mult@grightbox=\box35
\mult@gfirstbox=\box36
\mult@firstbox=\box37
\@tempa=\box38
\@tempa=\box39
\@tempa=\box40
\@tempa=\box41
\@tempa=\box42
\@tempa=\box43
\@tempa=\box44
\@tempa=\box45
\@tempa=\box46
\@tempa=\box47
\@tempa=\box48
\@tempa=\box49
\@tempa=\box50
\@tempa=\box51
\@tempa=\box52
\@tempa=\box53
\@tempa=\box54
\c@columnbadness=\count116
\c@finalcolumnbadness=\count117
\last@try=\dimen122
\multicolovershoot=\dimen123
\multicolundershoot=\dimen124
\mult@nat@firstbox=\box55
\colbreak@box=\box56
\multicol@sort@counter=\count118
)
(/usr/share/texlive/texmf-dist/tex/latex/graphics/color.sty
Package: color 2005/11/14 v1.0j Standard LaTeX Color (DPC)

(/usr/share/texlive/texmf-dist/tex/latex/latexconfig/color.cfg
File: color.cfg 2007/01/18 v1.5 color configuration of teTeX/TeXLive
)
Package color Info: Driver file: pdftex.def on input line 130.
)
(/usr/share/texlive/texmf-dist/tex/latex/fancybox/fancybox.sty
Package: fancybox 2010/05/15 1.4

Style option: `fancybox' v1.4 <2010/05/15> (tvz)
\@fancybox=\box57
\shadowsize=\dimen125
\@Sbox=\box58
\do@VerbBox=\toks35
\the@fancyput=\toks36
\this@fancyput=\toks37
\EndVerbatimTokens=\toks38
\Verbatim@Outfile=\write3
\Verbatim@Infile=\read1
) (/usr/share/texlive/texmf-dist/tex/latex/fancyhdr/fancyhdr.sty
\fancy@headwidth=\skip57
\f@ncyO@elh=\skip58
\f@ncyO@erh=\skip59
\f@ncyO@olh=\skip60
\f@ncyO@orh=\skip61
\f@ncyO@elf=\skip62
\f@ncyO@erf=\skip63
\f@ncyO@olf=\skip64
\f@ncyO@orf=\skip65
)
(./informe.aux
LaTeX Info: Redefining \. on input line 7.
LaTeX Info: Redefining \% on input line 7.
)
\openout1 = `informe.aux'.

LaTeX Font Info:    Checking defaults for OML/cmm/m/it on input line 77.
LaTeX Font Info:    ... okay on input line 77.
LaTeX Font Info:    Checking defaults for T1/cmr/m/n on input line 77.
LaTeX Font Info:    ... okay on input line 77.
LaTeX Font Info:    Checking defaults for OT1/cmr/m/n on input line 77.
LaTeX Font Info:    ... okay on input line 77.
LaTeX Font Info:    Checking defaults for OMS/cmsy/m/n on input line 77.
LaTeX Font Info:    ... okay on input line 77.
LaTeX Font Info:    Checking defaults for OMX/cmex/m/n on input line 77.
LaTeX Font Info:    ... okay on input line 77.
LaTeX Font Info:    Checking defaults for U/cmr/m/n on input line 77.
LaTeX Font Info:    ... okay on input line 77.
LaTeX Font Info:    Try loading font information for OT1+bch on input line 77.
 (/usr/share/texlive/texmf-dist/tex/latex/psnfss/ot1bch.fd
File: ot1bch.fd 2004/10/18 font definitions for OT1/bch.
)
LaTeX Info: Redefining \. on input line 77.
LaTeX Info: Redefining \% on input line 77.

(/usr/share/texlive/texmf-dist/tex/context/base/supp-pdf.mkii
[Loading MPS to PDF converter (version 2006.09.02).]
\scratchcounter=\count119
\scratchdimen=\dimen126
\scratchbox=\box59
\nofMPsegments=\count120
\nofMParguments=\count121
\everyMPshowfont=\toks39
\MPscratchCnt=\count122
\MPscratchDim=\dimen127
\MPnumerator=\count123
\makeMPintoPDFobject=\count124
\everyMPtoPDFconversion=\toks40
) (/usr/share/texlive/texmf-dist/tex/generic/oberdiek/pdftexcmds.sty
Package: pdftexcmds 2011/11/29 v0.20 Utility functions of pdfTeX for LuaTeX (HO
)

(/usr/share/texlive/texmf-dist/tex/generic/oberdiek/ifluatex.sty
Package: ifluatex 2010/03/01 v1.3 Provides the ifluatex switch (HO)
Package ifluatex Info: LuaTeX not detected.
)
(/usr/share/texlive/texmf-dist/tex/generic/oberdiek/ifpdf.sty
Package: ifpdf 2011/01/30 v2.3 Provides the ifpdf switch (HO)
Package ifpdf Info: pdfTeX in PDF mode is detected.
)
Package pdftexcmds Info: LuaTeX not detected.
Package pdftexcmds Info: \pdf@primitive is available.
Package pdftexcmds Info: \pdf@ifprimitive is available.
Package pdftexcmds Info: \pdfdraftmode found.
)
(/usr/share/texlive/texmf-dist/tex/latex/oberdiek/epstopdf-base.sty
Package: epstopdf-base 2010/02/09 v2.5 Base part for package epstopdf

(/usr/share/texlive/texmf-dist/tex/latex/oberdiek/grfext.sty
Package: grfext 2010/08/19 v1.1 Manage graphics extensions (HO)

(/usr/share/texlive/texmf-dist/tex/generic/oberdiek/kvdefinekeys.sty
Package: kvdefinekeys 2011/04/07 v1.3 Define keys (HO)
))
(/usr/share/texlive/texmf-dist/tex/latex/oberdiek/kvoptions.sty
Package: kvoptions 2011/06/30 v3.11 Key value format for package options (HO)

(/usr/share/texlive/texmf-dist/tex/generic/oberdiek/kvsetkeys.sty
Package: kvsetkeys 2012/04/25 v1.16 Key value parser (HO)

(/usr/share/texlive/texmf-dist/tex/generic/oberdiek/etexcmds.sty
Package: etexcmds 2011/02/16 v1.5 Avoid name clashes with e-TeX commands (HO)
Package etexcmds Info: Could not find \expanded.
(etexcmds)             That can mean that you are not using pdfTeX 1.50 or
(etexcmds)             that some package has redefined \expanded.
(etexcmds)             In the latter case, load this package earlier.
)))
Package grfext Info: Graphics extension search list:
(grfext)             [.png,.pdf,.jpg,.mps,.jpeg,.jbig2,.jb2,.PNG,.PDF,.JPG,.JPE
G,.JBIG2,.JB2,.eps]
(grfext)             \AppendGraphicsExtensions on input line 452.

(/usr/share/texlive/texmf-dist/tex/latex/latexconfig/epstopdf-sys.cfg
File: epstopdf-sys.cfg 2010/07/13 v1.3 Configuration of (r)epstopdf for TeX Liv
e
))
<imagenes/logodc.jpg, id=1, 215.6055pt x 83.5923pt>
File: imagenes/logodc.jpg Graphic file (type jpg)
 <use imagenes/logodc.jpg>
Package pdftex.def Info: imagenes/logodc.jpg used on input line 87.
(pdftex.def)             Requested size: 215.60497pt x 83.59207pt.
LaTeX Font Info:    Try loading font information for U+msa on input line 87.

(/usr/share/texlive/texmf-dist/tex/latex/amsfonts/umsa.fd
File: umsa.fd 2013/01/14 v3.01 AMS symbols A
)
LaTeX Font Info:    Try loading font information for U+msb on input line 87.

(/usr/share/texlive/texmf-dist/tex/latex/amsfonts/umsb.fd
File: umsb.fd 2013/01/14 v3.01 AMS symbols B
)
<imagenes/logouba.jpg, id=2, 225.4824pt x 231.7458pt>
File: imagenes/logouba.jpg Graphic file (type jpg)

<use imagenes/logouba.jpg>
Package pdftex.def Info: imagenes/logouba.jpg used on input line 87.
(pdftex.def)             Requested size: 225.48184pt x 231.74522pt.


LaTeX Font Warning: Font shape `OT1/cmss/b/n' undefined
(Font)              using `OT1/cmss/m/n' instead on input line 87.


Underfull \hbox (badness 10000) in paragraph at lines 87--87

 []


Overfull \hbox (22.76358pt too wide) in paragraph at lines 87--87
[][][] 
 []

[1

{/var/lib/texmf/fonts/map/pdftex/updmap/pdftex.map} <./imagenes/logodc.jpg> <./
imagenes/logouba.jpg>] (./informe.toc
LaTeX Info: Redefining \. on input line 1.
LaTeX Info: Redefining \% on input line 1.
)
\tf@toc=\write4
\openout4 = `informe.toc'.

 [2] (./0-introduccion.tex
<imagenes/sisdsimd.png, id=15, 748.7975pt x 439.6425pt>
File: imagenes/sisdsimd.png Graphic file (type png)

<use imagenes/sisdsimd.png>
Package pdftex.def Info: imagenes/sisdsimd.png used on input line 6.
(pdftex.def)             Requested size: 204.85844pt x 120.27481pt.

<imagenes/registrossimd.png, id=17, 598.235pt x 395.4775pt>
File: imagenes/registrossimd.png Graphic file (type png)

<use imagenes/registrossimd.png>
Package pdftex.def Info: imagenes/registrossimd.png used on input line 7.
(pdftex.def)             Requested size: 204.85844pt x 135.42609pt.

<imagenes/island.png, id=18, 690.58pt x 369.38pt>
File: imagenes/island.png Graphic file (type png)
 <use imagenes/island.png>
Package pdftex.def Info: imagenes/island.png used on input line 16.
(pdftex.def)             Requested size: 91.04742pt x 48.69743pt.

<imagenes/island-blit.png, id=19, 690.58pt x 369.38pt>
File: imagenes/island-blit.png Graphic file (type png)

<use imagenes/island-blit.png>
Package pdftex.def Info: imagenes/island-blit.png used on input line 17.
(pdftex.def)             Requested size: 91.04742pt x 48.69743pt.

<imagenes/island-monocromatizar.png, id=20, 690.58pt x 369.38pt>
File: imagenes/island-monocromatizar.png Graphic file (type png)

<use imagenes/island-monocromatizar.png>
Package pdftex.def Info: imagenes/island-monocromatizar.png used on input line 
18.
(pdftex.def)             Requested size: 91.04742pt x 48.69743pt.

<imagenes/island-ondas.png, id=21, 690.58pt x 369.38pt>
File: imagenes/island-ondas.png Graphic file (type png)

<use imagenes/island-ondas.png>
Package pdftex.def Info: imagenes/island-ondas.png used on input line 21.
(pdftex.def)             Requested size: 91.04742pt x 48.69743pt.

<imagenes/island-temperature.png, id=22, 690.58pt x 369.38pt>
File: imagenes/island-temperature.png Graphic file (type png)

<use imagenes/island-temperature.png>
Package pdftex.def Info: imagenes/island-temperature.png used on input line 22.

(pdftex.def)             Requested size: 91.04742pt x 48.69743pt.

<imagenes/island-edge.png, id=23, 690.58pt x 369.38pt>
File: imagenes/island-edge.png Graphic file (type png)

<use imagenes/island-edge.png>
Package pdftex.def Info: imagenes/island-edge.png used on input line 23.
(pdftex.def)             Requested size: 91.04742pt x 48.69743pt.

<imagenes/hardware.png, id=24, 394.47375pt x 199.74625pt>
File: imagenes/hardware.png Graphic file (type png)

<use imagenes/hardware.png>
Package pdftex.def Info: imagenes/hardware.png used on input line 37.
(pdftex.def)             Requested size: 227.62204pt x 115.25856pt.

<imagenes/memory.png, id=25, 366.36874pt x 258.9675pt>
File: imagenes/memory.png Graphic file (type png)

<use imagenes/memory.png>
Package pdftex.def Info: imagenes/memory.png used on input line 38.
(pdftex.def)             Requested size: 227.62204pt x 160.898pt.

Overfull \hbox (24.0pt too wide) in paragraph at lines 36--40
 [] 
 []

LaTeX Info: Redefining \. on input line 40.
LaTeX Info: Redefining \% on input line 40.
[3 <./imagenes/sisdsimd.png> <./imagenes/registrossimd.png> <./imagenes/island.
png> <./imagenes/island-blit.png> <./imagenes/island-monocromatizar.png> <./ima
genes/island-ondas.png> <./imagenes/island-temperature.png> <./imagenes/island-
edge.png>])
LaTeX Info: Redefining \. on input line 100.
LaTeX Info: Redefining \% on input line 100.
 [4 <./imagenes/hardware.png> <./imagenes/memory.png>] (./1-blit.tex
Underfull \hbox (badness 10000) in paragraph at lines 14--15

 []

<imagenes/lenaBLIT.jpg, id=38, 256.96pt x 256.96pt>
File: imagenes/lenaBLIT.jpg Graphic file (type jpg)

<use imagenes/lenaBLIT.jpg>
Package pdftex.def Info: imagenes/lenaBLIT.jpg used on input line 17.
(pdftex.def)             Requested size: 136.5746pt x 136.57631pt.

Underfull \hbox (badness 10000) in paragraph at lines 22--26

 []

LaTeX Info: Redefining \. on input line 68.
LaTeX Info: Redefining \% on input line 68.
[5 <./imagenes/lenaBLIT.jpg>]
Overfull \hbox (35.91586pt too wide) in paragraph at lines 100--104
 [] 
 []


Overfull \hbox (112.07578pt too wide) in paragraph at lines 110--114
 [] 
 []


Overfull \hbox (112.07578pt too wide) in paragraph at lines 120--124
 [] 
 []


Overfull \hbox (3.07559pt too wide) in paragraph at lines 185--185
[]                              \OT1/cmtt/m/n/9 ; Me quedo con los velores de x
mm0 que tengo que poner en la imagen[] 
 []


Overfull \hbox (3.07559pt too wide) in paragraph at lines 185--185
[]                              \OT1/cmtt/m/n/9 ; Me quedo con los valores de b
lit que tengo que poner en la imagen[] 
 []


Overfull \hbox (6.0pt too wide) in paragraph at lines 186--186
 [][][][][][] 
 []

LaTeX Info: Redefining \. on input line 186.
LaTeX Info: Redefining \% on input line 186.
[6])
LaTeX Info: Redefining \. on input line 104.
LaTeX Info: Redefining \% on input line 104.
 [7] (./2-monocromatizar.tex
<imagenes/lenaMONO.jpg, id=55, 256.96pt x 256.96pt>
File: imagenes/lenaMONO.jpg Graphic file (type jpg)

<use imagenes/lenaMONO.jpg>
Package pdftex.def Info: imagenes/lenaMONO.jpg used on input line 7.
(pdftex.def)             Requested size: 136.5746pt x 136.57631pt.
LaTeX Info: Redefining \. on input line 90.
LaTeX Info: Redefining \% on input line 90.
 [8 <./imagenes/lenaMONO.jpg>]
Overfull \hbox (10.39572pt too wide) in paragraph at lines 122--126
 [] 
 []


Overfull \hbox (31.42526pt too wide) in paragraph at lines 158--158
[]    \OT1/cmtt/m/n/9 pmaxub xmm4, xmm0   ; xmm4=|a . . max(g,r)|a . . max(g,r)
|a . . max(g,r)|a . . max(g,r)|;1er m^^Saximo[] 
 []


Overfull \hbox (7.80054pt too wide) in paragraph at lines 158--158
[]    \OT1/cmtt/m/n/9 pmaxub xmm4, xmm5   ; xmm4=|a . . max(g,r,b)|a . . max(g,
r,b)|a . . max(g,r,b)|;m^^Sax de m^^Saximos[] 
 []


Overfull \hbox (6.0pt too wide) in paragraph at lines 159--159
 [][][][][][] 
 []

)
LaTeX Info: Redefining \. on input line 106.
LaTeX Info: Redefining \% on input line 106.
 [9] (./3-ondas.tex <imagenes/lenaONDA.jpg, id=62, 513.92pt x 513.92pt>
File: imagenes/lenaONDA.jpg Graphic file (type jpg)

<use imagenes/lenaONDA.jpg>
Package pdftex.def Info: imagenes/lenaONDA.jpg used on input line 9.
(pdftex.def)             Requested size: 136.5746pt x 136.57239pt.
LaTeX Info: Redefining \. on input line 52.
LaTeX Info: Redefining \% on input line 52.
 [10 <./imagenes/lenaONDA.jpg>]
Overfull \hbox (6.0pt too wide) in paragraph at lines 81--81
 [][][][][][] 
 []


Overfull \hbox (50.32504pt too wide) in paragraph at lines 102--102
[]  \OT1/cmtt/m/n/9 subps xmm3, xmm9            ;xmm3=|dxy3-RADIO|dxy2-RADIO|dx
y1-RADIO|dxy0-RADIO| donde dxy es la distancia[] 
 []


Overfull \hbox (6.0pt too wide) in paragraph at lines 103--103
 [][][][][][] 
 []


Overfull \hbox (6.0pt too wide) in paragraph at lines 119--119
 [][][][][][] 
 []

LaTeX Info: Redefining \. on input line 119.
LaTeX Info: Redefining \% on input line 119.
[11]
Overfull \hbox (6.0pt too wide) in paragraph at lines 136--136
 [][][][][][] 
 []


Overfull \hbox (6.0pt too wide) in paragraph at lines 152--152
 [][][][][][] 
 []


Overfull \hbox (12.52548pt too wide) in paragraph at lines 198--198
[]  \OT1/cmtt/m/n/9 subps xmm1, xmm3        ;xmm1=|t3-(t3^3)/6+t3^5/120-t3^7/50
40|...|t0-(t0^3)/6+t0^5/120-t0^7/5040|[] 
 []


Overfull \hbox (12.52548pt too wide) in paragraph at lines 198--198
[]  \OT1/cmtt/m/n/9 subps xmm1, xmm3        ;xmm1=|t3-(t3^3)/6+t3^5/120-t3^7/50
40|...|t0-(t0^3)/6+t0^5/120-t0^7/5040|[] 
 []


Overfull \hbox (40.87515pt too wide) in paragraph at lines 198--198
[]  \OT1/cmtt/m/n/9 mulps xmm4, xmm1        ;xmm4=|A3*(t3-t3^3/6+t3^5/120-t3^7/
5040)|...|A1*(t0-t0^3/6+t0^5/120-t0^7/5040(|[] 
 []


Overfull \hbox (6.0pt too wide) in paragraph at lines 199--199
 [][][][][][] 
 []

LaTeX Info: Redefining \. on input line 199.
LaTeX Info: Redefining \% on input line 199.
[12]
Overfull \hbox (59.77493pt too wide) in paragraph at lines 232--232
[]  \OT1/cmtt/m/n/9 cvtps2dq xmm4, xmm4             ;xmm4=|prof3*64|prof2*64|pr
of1*64|prof0*64| conviertimos de float a Integer[] 
 []


Overfull \hbox (6.0pt too wide) in paragraph at lines 233--233
 [][][][][][] 
 []

LaTeX Info: Redefining \. on input line 233.
LaTeX Info: Redefining \% on input line 233.
[13]
Overfull \hbox (116.47427pt too wide) in paragraph at lines 257--257
[]  \OT1/cmtt/m/n/9 paddd xmm2, xmm4                ;xmm2=|a0+prof0*64|b0+prof0
*64|g0+prof0*64|r0+prof0*64| shuffle posicion 0 de dobleWord[] 
 []


Overfull \hbox (6.0pt too wide) in paragraph at lines 258--258
 [][][][][][] 
 []

)
LaTeX Info: Redefining \. on input line 108.
LaTeX Info: Redefining \% on input line 108.
 [14] (./4-temperature.tex
<imagenes/lenaTEMP.jpg, id=84, 256.96pt x 256.96pt>
File: imagenes/lenaTEMP.jpg Graphic file (type jpg)

<use imagenes/lenaTEMP.jpg>
Package pdftex.def Info: imagenes/lenaTEMP.jpg used on input line 7.
(pdftex.def)             Requested size: 136.5746pt x 136.57631pt.

Overfull \hbox (40.43155pt too wide) detected at line 29
[][] \OML/cmm/m/it/10 < r; g; b >\OT1/cmr/m/n/10 = []
 []


Overfull \hbox (40.87515pt too wide) in paragraph at lines 82--82
[]    \OT1/cmtt/m/n/9 movdqu xmm0, [rdi]      ; xmm0 = |a3 b3 g3 r3|a2 b2 g2 r2
|a1 b1 g1 r1|a0 b0 g0 r0| P^^S^^Pxeles originales[] 
 []

LaTeX Info: Redefining \. on input line 83.
LaTeX Info: Redefining \% on input line 83.
[15 <./imagenes/lenaTEMP.jpg>]
Overfull \hbox (6.0pt too wide) in paragraph at lines 83--83
 [][][][][][] 
 []


Overfull \hbox (36.1502pt too wide) in paragraph at lines 97--97
[]    \OT1/cmtt/m/n/9 phaddw xmm2, xmm2  ; xmm2 =|b1+g1+r1 b0+g0+r0 b1+g1+r1 b0
+g0+r0|b1+g1+r1 b0+g0+r0 b1+g1+r1 b0+g0+r0|[] 
 []


Overfull \hbox (36.1502pt too wide) in paragraph at lines 97--97
[]    \OT1/cmtt/m/n/9 phaddw xmm1, xmm1  ; xmm1 =|b3+g3+r3 b2+g2+r2 b3+g3+r3 b2
+g2+r2|b3+g3+r3 b2+g2+r2 b3+g3+r3 b2+g2+r2|[] 
 []


Overfull \hbox (6.0pt too wide) in paragraph at lines 98--98
 [][][][][][] 
 []


Overfull \hbox (102.29944pt too wide) in paragraph at lines 117--117
[]                                  \OT1/cmtt/m/n/9 ;shuffle parte baja (bits 6
3 a 0) de los words, para reordenar las sumas s0,s1,s2ys3[] 
 []


Overfull \hbox (135.37405pt too wide) in paragraph at lines 117--117
[]                                  \OT1/cmtt/m/n/9 ; observar q las sumas s0,.
..,s1 miden words, shifteo a derecha c/paquete dobleWord 16 bits[] 
 []


Overfull \hbox (6.0pt too wide) in paragraph at lines 118--118
 [][][][][][] 
 []


Overfull \hbox (6.0pt too wide) in paragraph at lines 130--130
 [][][][][][] 
 []

LaTeX Info: Redefining \. on input line 133.
LaTeX Info: Redefining \% on input line 133.
[16]
Overfull \hbox (6.0pt too wide) in paragraph at lines 149--149
 [][][][][][] 
 []


Overfull \hbox (73.94977pt too wide) in paragraph at lines 168--168
[]    \OT1/cmtt/m/n/9 paddb  xmm4, xmm1   ; xmm4=|2.t3 2.t3 2.t3 2.t3|2.t2 2.t2
 2.t2 2.t2|2.t1 2.t1 2.t1 2.t1|2.t0 2.t0 2.t0 2.t0|[] 
 []


Overfull \hbox (73.94977pt too wide) in paragraph at lines 168--168
[]    \OT1/cmtt/m/n/9 paddb  xmm4, xmm1   ; xmm4=|4.t3 4.t3 4.t3 4.t3|4.t2 4.t2
 4.t2 4.t2|4.t1 4.t1 4.t1 4.t1|4.t0 4.t0 4.t0 4.t0|[] 
 []


Overfull \hbox (31.42526pt too wide) in paragraph at lines 168--168
[]    \OT1/cmtt/m/n/9 paddb  xmm4, xmm11  ; xmm4=|4.t3+128 4.t3+128 4.t3+128 4.
t3+128|4.t2+128 4.t2+128 4.t2+128 4.t2+128[] 
 []


Overfull \hbox (36.1502pt too wide) in paragraph at lines 168--168
[]                        \OT1/cmtt/m/n/9 ;      |4.t1+128 4.t1+128 4.t1+128 4.
t1+128|4.t0+128 4.t0+128 4.t0+128 4.t0+128|[] 
 []


Overfull \hbox (6.0pt too wide) in paragraph at lines 169--169
 [][][][][][] 
 []


Overfull \hbox (26.70032pt too wide) in paragraph at lines 190--190
[]    \OT1/cmtt/m/n/9 psubb xmm5, xmm11   ;xmm5=|4.t3-128 4.t3-128 4.t3-128 4.t
3-128|4.t2-128 4.t2-128 4.t2-128 4.t2-128[] 
 []


Overfull \hbox (31.42526pt too wide) in paragraph at lines 190--190
[]                        \OT1/cmtt/m/n/9 ;     |4.t1-128 4.t1-128 4.t1-128 4.t
1-128|4.t0-128 4.t0-128 4.t0-128 4.t0-128|[] 
 []


Overfull \hbox (83.39966pt too wide) in paragraph at lines 190--190
[]                        \OT1/cmtt/m/n/9 ;xmm5=|4.(t3-32) 4.(t3-32) 4.(t3-32) 
4.(t3-32)|....|4.t0-32 4.4.t0-32 4.4.t0-32 4.4.t0-32|[] 
 []


Overfull \hbox (107.02438pt too wide) in paragraph at lines 190--190
[]    \OT1/cmtt/m/n/9 pinsrb xmm5, r9b, 12 ; xmm5=|4.(t3-32) 4.(t3-32) 4.(t3-32
) 4.(t3-32)+255|...|4.t0-32 4.4.t0-32 4.4.t0-32 4.4.t0-32|[] 
 []


Overfull \hbox (36.1502pt too wide) in paragraph at lines 190--190
[]    \OT1/cmtt/m/n/9 pinsrb xmm5, r9b, 0  ;xmm5=|4.(t3-32) 4.(t3-32) 4.(t3-32)
 255|...|4.(t0-32) 4.(t0-32) 4.(t0-32) 255|[] 
 []


Overfull \hbox (6.0pt too wide) in paragraph at lines 191--191
 [][][][][][] 
 []

LaTeX Info: Redefining \. on input line 195.
LaTeX Info: Redefining \% on input line 195.
[17]
Overfull \hbox (6.0pt too wide) in paragraph at lines 230--230
 [][][][][][] 
 []

)
LaTeX Info: Redefining \. on input line 110.
LaTeX Info: Redefining \% on input line 110.
 [18] (./5-edge.tex <imagenes/lenaEDGA.jpg, id=97, 256.96pt x 256.96pt>
File: imagenes/lenaEDGA.jpg Graphic file (type jpg)

<use imagenes/lenaEDGA.jpg>
Package pdftex.def Info: imagenes/lenaEDGA.jpg used on input line 18.
(pdftex.def)             Requested size: 136.5746pt x 136.57631pt.
LaTeX Info: Redefining \. on input line 61.
LaTeX Info: Redefining \% on input line 61.
 [19 <./imagenes/lenaEDGA.jpg>]
Overfull \hbox (17.5334pt too wide) detected at line 87
[] \OT1/cmr/m/n/10 = []  = []
 []

<imagenes/edge/edge1.png, id=102, 609.27625pt x 420.57124pt>
File: imagenes/edge/edge1.png Graphic file (type png)

<use imagenes/edge/edge1.png>
Package pdftex.def Info: imagenes/edge/edge1.png used on input line 95.
(pdftex.def)             Requested size: 273.14922pt x 188.55582pt.

Overfull \hbox (62.52718pt too wide) in paragraph at lines 94--97
 [] 
 []


Overfull \hbox (6.0pt too wide) in paragraph at lines 127--127
 [][][][][][] 
 []


Overfull \hbox (6.0pt too wide) in paragraph at lines 170--170
 [][][][][][] 
 []

LaTeX Info: Redefining \. on input line 170.
LaTeX Info: Redefining \% on input line 170.
[20 <./imagenes/edge/edge1.png>]
Overfull \hbox (12.52548pt too wide) in paragraph at lines 189--189
[]    \OT1/cmtt/m/n/9 paddw xmm1, xmm2                ;xmm1=|a/2+a/2 b+b g/2*g/
2 0|b/2+b/2 g+g r/2*r/2 0| Baja + Alta[] 
 []


Overfull \hbox (12.52548pt too wide) in paragraph at lines 189--189
[]                                    \OT1/cmtt/m/n/9 ;xmm0=|s[7:4] s[3:0] s[7:
4] s[3:0]|s[7:4] s[3:0] s[7:4] s[3:0]|[] 
 []


Overfull \hbox (6.0pt too wide) in paragraph at lines 190--190
 [][][][][][] 
 []

)
LaTeX Info: Redefining \. on input line 112.
LaTeX Info: Redefining \% on input line 112.
 [21] (./6-mediciones.tex
<imagenes/testperformance/sizes.png, id=110, 406.51875pt x 401.5pt>
File: imagenes/testperformance/sizes.png Graphic file (type png)

<use imagenes/testperformance/sizes.png>
Package pdftex.def Info: imagenes/testperformance/sizes.png used on input line 
15.
(pdftex.def)             Requested size: 136.5746pt x 134.88469pt.

<imagenes/testperformance/BLITperformance.png, id=111, 1568.86125pt x 969.6225p
t>
File: imagenes/testperformance/BLITperformance.png Graphic file (type png)
 <use imagenes/testperformance/BLITperformance.png>
Package pdftex.def Info: imagenes/testperformance/BLITperformance.png used on i
nput line 26.
(pdftex.def)             Requested size: 204.85844pt x 126.60277pt.

<imagenes/testperformance/BLITperformanceLOG.png, id=112, 1568.86125pt x 969.62
25pt>
File: imagenes/testperformance/BLITperformanceLOG.png Graphic file (type png)
 <use imagenes/testperformance/BLITperformanceLOG.png>
Package pdftex.def Info: imagenes/testperformance/BLITperformanceLOG.png used o
n input line 27.
(pdftex.def)             Requested size: 204.85844pt x 126.60277pt.

<imagenes/testperformance/EDGEperformanceLIN.png, id=113, 1559.8275pt x 966.611
25pt>
File: imagenes/testperformance/EDGEperformanceLIN.png Graphic file (type png)
 <use imagenes/testperformance/EDGEperformanceLIN.png>
Package pdftex.def Info: imagenes/testperformance/EDGEperformanceLIN.png used o
n input line 28.
(pdftex.def)             Requested size: 204.85844pt x 126.94705pt.

<imagenes/testperformance/EDGEperformanceLOG.png, id=114, 1559.8275pt x 966.611
25pt>
File: imagenes/testperformance/EDGEperformanceLOG.png Graphic file (type png)
 <use imagenes/testperformance/EDGEperformanceLOG.png>
Package pdftex.def Info: imagenes/testperformance/EDGEperformanceLOG.png used o
n input line 29.
(pdftex.def)             Requested size: 204.85844pt x 126.94705pt.

<imagenes/testperformance/MONOperformanceLIN.png, id=115, 1559.8275pt x 968.618
74pt>
File: imagenes/testperformance/MONOperformanceLIN.png Graphic file (type png)
 <use imagenes/testperformance/MONOperformanceLIN.png>
Package pdftex.def Info: imagenes/testperformance/MONOperformanceLIN.png used o
n input line 30.
(pdftex.def)             Requested size: 204.85844pt x 127.21071pt.

<imagenes/testperformance/MONOperformanceLOG.png, id=116, 1559.8275pt x 968.618
74pt>
File: imagenes/testperformance/MONOperformanceLOG.png Graphic file (type png)
 <use imagenes/testperformance/MONOperformanceLOG.png>
Package pdftex.def Info: imagenes/testperformance/MONOperformanceLOG.png used o
n input line 31.
(pdftex.def)             Requested size: 204.85844pt x 127.21071pt.

<imagenes/testperformance/ONDASperformanceLIN.png, id=117, 1561.835pt x 967.615
pt>
File: imagenes/testperformance/ONDASperformanceLIN.png Graphic file (type png)
 <use imagenes/testperformance/ONDASperformanceLIN.png>
Package pdftex.def Info: imagenes/testperformance/ONDASperformanceLIN.png used 
on input line 32.
(pdftex.def)             Requested size: 204.85844pt x 126.91647pt.

<imagenes/testperformance/ONDASperformanceLOG.png, id=118, 1561.835pt x 967.615
pt>
File: imagenes/testperformance/ONDASperformanceLOG.png Graphic file (type png)
 <use imagenes/testperformance/ONDASperformanceLOG.png>
Package pdftex.def Info: imagenes/testperformance/ONDASperformanceLOG.png used 
on input line 33.
(pdftex.def)             Requested size: 204.85844pt x 126.91647pt.

<imagenes/testperformance/TEMPperformance.png, id=119, 1569.865pt x 968.61874pt
>
File: imagenes/testperformance/TEMPperformance.png Graphic file (type png)
 <use imagenes/testperformance/TEMPperformance.png>
Package pdftex.def Info: imagenes/testperformance/TEMPperformance.png used on i
nput line 34.
(pdftex.def)             Requested size: 204.85844pt x 126.39781pt.

<imagenes/testperformance/TEMPperformanceLOG.png, id=120, 1569.865pt x 968.6187
4pt>
File: imagenes/testperformance/TEMPperformanceLOG.png Graphic file (type png)
 <use imagenes/testperformance/TEMPperformanceLOG.png>
Package pdftex.def Info: imagenes/testperformance/TEMPperformanceLOG.png used o
n input line 35.
(pdftex.def)             Requested size: 204.85844pt x 126.39781pt.
LaTeX Info: Redefining \. on input line 37.
LaTeX Info: Redefining \% on input line 37.
 [22 <./imagenes/testperformance/sizes.png>]
LaTeX Info: Redefining \. on input line 39.
LaTeX Info: Redefining \% on input line 39.
 [23 <./imagenes/testperformance/BLITperformance.png (PNG copy)> <./imagenes/te
stperformance/BLITperformanceLOG.png (PNG copy)> <./imagenes/testperformance/ED
GEperformanceLIN.png (PNG copy)> <./imagenes/testperformance/EDGEperformanceLOG
.png (PNG copy)> <./imagenes/testperformance/MONOperformanceLIN.png (PNG copy)>
 <./imagenes/testperformance/MONOperformanceLOG.png (PNG copy)> <./imagenes/tes
tperformance/ONDASperformanceLIN.png (PNG copy)> <./imagenes/testperformance/ON
DASperformanceLOG.png (PNG copy)> <./imagenes/testperformance/TEMPperformance.p
ng (PNG copy)> <./imagenes/testperformance/TEMPperformanceLOG.png (PNG copy)>]
<imagenes/simdsisd/SIMDvsSISDvsClin.png, id=128, 1558.82375pt x 967.615pt>
File: imagenes/simdsisd/SIMDvsSISDvsClin.png Graphic file (type png)

<use imagenes/simdsisd/SIMDvsSISDvsClin.png>
Package pdftex.def Info: imagenes/simdsisd/SIMDvsSISDvsClin.png used on input l
ine 46.
(pdftex.def)             Requested size: 409.71689pt x 254.32018pt.

<imagenes/simdsisd/SIMDvsSISDvsClog.png, id=129, 1558.82375pt x 967.615pt>
File: imagenes/simdsisd/SIMDvsSISDvsClog.png Graphic file (type png)

<use imagenes/simdsisd/SIMDvsSISDvsClog.png>
Package pdftex.def Info: imagenes/simdsisd/SIMDvsSISDvsClog.png used on input l
ine 47.
(pdftex.def)             Requested size: 409.71689pt x 254.32018pt.
LaTeX Info: Redefining \. on input line 53.
LaTeX Info: Redefining \% on input line 53.
 [24 <./imagenes/simdsisd/SIMDvsSISDvsClin.png (PNG copy)> <./imagenes/simdsisd
/SIMDvsSISDvsClog.png (PNG copy)>]
<imagenes/antiTEMP.jpg, id=133, 513.92pt x 513.92pt>
File: imagenes/antiTEMP.jpg Graphic file (type jpg)

<use imagenes/antiTEMP.jpg>
Package pdftex.def Info: imagenes/antiTEMP.jpg used on input line 84.
(pdftex.def)             Requested size: 204.85844pt x 204.85858pt.
 <imagenes/random.jpg, id=134, 513.92pt x 513.92pt>
File: imagenes/random.jpg Graphic file (type jpg)

<use imagenes/random.jpg>
Package pdftex.def Info: imagenes/random.jpg used on input line 85.
(pdftex.def)             Requested size: 204.85844pt x 204.85858pt.

<imagenes/branchprediction/branchpredictionLIN.png, id=135, 1558.82375pt x 965.
6075pt>
File: imagenes/branchprediction/branchpredictionLIN.png Graphic file (type png)

 <use imagenes/branchprediction/branchpredictionLIN.png>
Package pdftex.def Info: imagenes/branchprediction/branchpredictionLIN.png used
 on input line 91.
(pdftex.def)             Requested size: 409.71689pt x 253.79254pt.

<imagenes/branchprediction/branchpredictionLOG.png, id=136, 1558.82375pt x 965.
6075pt>
LaTeX Info: Redefining \. on input line 92.
LaTeX Info: Redefining \% on input line 92.
 [25 <./imagenes/antiTEMP.jpg> <./imagenes/random.jpg>]
File: imagenes/branchprediction/branchpredictionLOG.png Graphic file (type png)


<use imagenes/branchprediction/branchpredictionLOG.png>
Package pdftex.def Info: imagenes/branchprediction/branchpredictionLOG.png used
 on input line 92.
(pdftex.def)             Requested size: 409.71689pt x 253.79254pt.
LaTeX Info: Redefining \. on input line 98.
LaTeX Info: Redefining \% on input line 98.
 [26 <./imagenes/branchprediction/branchpredictionLIN.png (PNG copy)> <./imagen
es/branchprediction/branchpredictionLOG.png (PNG copy)>]
<imagenes/loopunrolling/macro.png, id=144, 456.70625pt x 290.08376pt>
File: imagenes/loopunrolling/macro.png Graphic file (type png)

<use imagenes/loopunrolling/macro.png>
Package pdftex.def Info: imagenes/loopunrolling/macro.png used on input line 10
5.
(pdftex.def)             Requested size: 204.85844pt x 130.11597pt.

<imagenes/loopunrolling/reps.png, id=145, 230.8625pt x 146.5475pt>
File: imagenes/loopunrolling/reps.png Graphic file (type png)

<use imagenes/loopunrolling/reps.png>
Package pdftex.def Info: imagenes/loopunrolling/reps.png used on input line 106
.
(pdftex.def)             Requested size: 204.85844pt x 130.04pt.

<imagenes/loopunrolling/size.png, id=146, 814.04124pt x 502.87875pt>
File: imagenes/loopunrolling/size.png Graphic file (type png)

<use imagenes/loopunrolling/size.png>
Package pdftex.def Info: imagenes/loopunrolling/size.png used on input line 114
.
(pdftex.def)             Requested size: 409.71689pt x 253.10385pt.

<imagenes/loopunrolling/time.png, id=147, 814.04124pt x 502.87875pt>
File: imagenes/loopunrolling/time.png Graphic file (type png)

<use imagenes/loopunrolling/time.png>
Package pdftex.def Info: imagenes/loopunrolling/time.png used on input line 122
.
(pdftex.def)             Requested size: 409.71689pt x 253.10385pt.
LaTeX Info: Redefining \. on input line 124.
LaTeX Info: Redefining \% on input line 124.
 [27 <./imagenes/loopunrolling/macro.png> <./imagenes/loopunrolling/reps.png> <
./imagenes/loopunrolling/size.png (PNG copy)>])
LaTeX Info: Redefining \. on input line 114.
LaTeX Info: Redefining \% on input line 114.
 [28 <./imagenes/loopunrolling/time.png (PNG copy)>] (./7-conclusiones.tex)
LaTeX Info: Redefining \. on input line 117.
LaTeX Info: Redefining \% on input line 117.
 [29] (./informe.aux
LaTeX Info: Redefining \. on input line 7.
LaTeX Info: Redefining \% on input line 7.
)

LaTeX Font Warning: Some font shapes were not available, defaults substituted.

 ) 
Here is how much of TeX's memory you used:
 4699 strings out of 493304
 63901 string characters out of 6139870
 150055 words of memory out of 5000000
 7964 multiletter control sequences out of 15000+600000
 27217 words of font info for 53 fonts, out of 8000000 for 9000
 957 hyphenation exceptions out of 8191
 38i,13n,43p,1063b,599s stack positions out of 5000i,500n,10000p,200000b,80000s
{/usr/share/texlive/texmf-dist/fonts/enc/dvips/base/8r.enc}</usr/share/texliv
e/texmf-dist/fonts/type1/bitstrea/charter/bchb8a.pfb></usr/share/texlive/texmf-
dist/fonts/type1/bitstrea/charter/bchr8a.pfb></usr/share/texlive/texmf-dist/fon
ts/type1/bitstrea/charter/bchri8a.pfb></usr/share/texlive/texmf-dist/fonts/type
1/public/amsfonts/cm/cmbx10.pfb></usr/share/texlive/texmf-dist/fonts/type1/publ
ic/amsfonts/cm/cmex10.pfb></usr/share/texlive/texmf-dist/fonts/type1/public/ams
fonts/cm/cmmi10.pfb></usr/share/texlive/texmf-dist/fonts/type1/public/amsfonts/
cm/cmmi5.pfb></usr/share/texlive/texmf-dist/fonts/type1/public/amsfonts/cm/cmmi
7.pfb></usr/share/texlive/texmf-dist/fonts/type1/public/amsfonts/cm/cmr10.pfb><
/usr/share/texlive/texmf-dist/fonts/type1/public/amsfonts/cm/cmr5.pfb></usr/sha
re/texlive/texmf-dist/fonts/type1/public/amsfonts/cm/cmr7.pfb></usr/share/texli
ve/texmf-dist/fonts/type1/public/amsfonts/cm/cmss10.pfb></usr/share/texlive/tex
mf-dist/fonts/type1/public/amsfonts/cm/cmsy10.pfb></usr/share/texlive/texmf-dis
t/fonts/type1/public/amsfonts/cm/cmsy7.pfb></usr/share/texlive/texmf-dist/fonts
/type1/public/amsfonts/cm/cmtt10.pfb></usr/share/texlive/texmf-dist/fonts/type1
/public/amsfonts/cm/cmtt9.pfb>
Output written on informe.pdf (29 pages, 6567702 bytes).
PDF statistics:
 212 PDF objects out of 1000 (max. 8388607)
 115 compressed objects within 2 object streams
 0 named destinations out of 1000 (max. 500000)
 196 words of extra memory for PDF output out of 10000 (max. 10000000)

